# JRE version: Java(TM) SE Runtime Environment (14.0.2+12) (build 14.0.2+12-46)
# Java VM: Java HotSpot(TM) 64-Bit Server VM (14.0.2+12-46, mixed mode, sharing, tiered, compressed oops, g1 gc, windows-amd64)
Heap:
 garbage-first heap   total 87040K, used 50375K [0x0000000081c00000, 0x0000000100000000)
  region size 1024K, 4 young (4096K), 2 survivors (2048K)
 Metaspace       used 29491K, capacity 30403K, committed 30588K, reserved 1077248K
  class space    used 3250K, capacity 3555K, committed 3708K, reserved 1048576K
GC Heap History (20 events):
Event: 3.045 GC heap before
{Heap before GC invocations=2 (full 0):
 garbage-first heap   total 131072K, used 80955K [0x0000000081c00000, 0x0000000100000000)
  region size 1024K, 76 young (77824K), 2 survivors (2048K)
 Metaspace       used 15167K, capacity 16013K, committed 16256K, reserved 1062912K
  class space    used 1714K, capacity 1892K, committed 1920K, reserved 1048576K
}
Event: 3.053 GC heap after
{Heap after GC invocations=3 (full 0):
 garbage-first heap   total 131072K, used 9112K [0x0000000081c00000, 0x0000000100000000)
  region size 1024K, 6 young (6144K), 6 survivors (6144K)
 Metaspace       used 15167K, capacity 16013K, committed 16256K, reserved 1062912K
  class space    used 1714K, capacity 1892K, committed 1920K, reserved 1048576K
}
Event: 3.722 GC heap before
{Heap before GC invocations=3 (full 0):
 garbage-first heap   total 131072K, used 28568K [0x0000000081c00000, 0x0000000100000000)
  region size 1024K, 26 young (26624K), 6 survivors (6144K)
 Metaspace       used 20646K, capacity 21204K, committed 21248K, reserved 1069056K
  class space    used 2385K, capacity 2540K, committed 2560K, reserved 1048576K
}
Event: 3.743 GC heap after
{Heap after GC invocations=4 (full 0):
 garbage-first heap   total 131072K, used 11089K [0x0000000081c00000, 0x0000000100000000)
  region size 1024K, 6 young (6144K), 6 survivors (6144K)
 Metaspace       used 20646K, capacity 21204K, committed 21248K, reserved 1069056K
  class space    used 2385K, capacity 2540K, committed 2560K, reserved 1048576K
}
Event: 4.185 GC heap before
{Heap before GC invocations=5 (full 0):
 garbage-first heap   total 40960K, used 29521K [0x0000000081c00000, 0x0000000100000000)
  region size 1024K, 24 young (24576K), 6 survivors (6144K)
 Metaspace       used 23866K, capacity 24548K, committed 24700K, reserved 1071104K
  class space    used 2720K, capacity 2917K, committed 2940K, reserved 1048576K
}
Event: 4.199 GC heap after
{Heap after GC invocations=6 (full 0):
 garbage-first heap   total 49152K, used 15025K [0x0000000081c00000, 0x0000000100000000)
  region size 1024K, 3 young (3072K), 3 survivors (3072K)
 Metaspace       used 23866K, capacity 24548K, committed 24700K, reserved 1071104K
  class space    used 2720K, capacity 2917K, committed 2940K, reserved 1048576K
}
Event: 4.376 GC heap before
{Heap before GC invocations=6 (full 0):
 garbage-first heap   total 49152K, used 34481K [0x0000000081c00000, 0x0000000100000000)
  region size 1024K, 22 young (22528K), 3 survivors (3072K)
 Metaspace       used 24369K, capacity 25085K, committed 25340K, reserved 1071104K
  class space    used 2751K, capacity 2942K, committed 3068K, reserved 1048576K
}
Event: 4.388 GC heap after
{Heap after GC invocations=7 (full 0):
 garbage-first heap   total 49152K, used 18762K [0x0000000081c00000, 0x0000000100000000)
  region size 1024K, 3 young (3072K), 3 survivors (3072K)
 Metaspace       used 24369K, capacity 25085K, committed 25340K, reserved 1071104K
  class space    used 2751K, capacity 2942K, committed 3068K, reserved 1048576K
}
Event: 4.728 GC heap before
{Heap before GC invocations=7 (full 0):
 garbage-first heap   total 49152K, used 35146K [0x0000000081c00000, 0x0000000100000000)
  region size 1024K, 19 young (19456K), 3 survivors (3072K)
 Metaspace       used 26085K, capacity 26871K, committed 27004K, reserved 1073152K
  class space    used 2936K, capacity 3172K, committed 3196K, reserved 1048576K
}
Event: 4.736 GC heap after
{Heap after GC invocations=8 (full 0):
 garbage-first heap   total 49152K, used 20852K [0x0000000081c00000, 0x0000000100000000)
  region size 1024K, 2 young (2048K), 2 survivors (2048K)
 Metaspace       used 26085K, capacity 26871K, committed 27004K, reserved 1073152K
  class space    used 2936K, capacity 3172K, committed 3196K, reserved 1048576K
}
Event: 5.111 GC heap before
{Heap before GC invocations=8 (full 0):
 garbage-first heap   total 49152K, used 36212K [0x0000000081c00000, 0x0000000100000000)
  region size 1024K, 17 young (17408K), 2 survivors (2048K)
 Metaspace       used 26697K, capacity 27464K, committed 27516K, reserved 1073152K
  class space    used 2940K, capacity 3173K, committed 3196K, reserved 1048576K
}
Event: 5.118 GC heap after
{Heap after GC invocations=9 (full 0):
 garbage-first heap   total 49152K, used 21385K [0x0000000081c00000, 0x0000000100000000)
  region size 1024K, 1 young (1024K), 1 survivors (1024K)
 Metaspace       used 26697K, capacity 27464K, committed 27516K, reserved 1073152K
  class space    used 2940K, capacity 3173K, committed 3196K, reserved 1048576K
}
Event: 5.446 GC heap before
{Heap before GC invocations=9 (full 0):
 garbage-first heap   total 49152K, used 36745K [0x0000000081c00000, 0x0000000100000000)
  region size 1024K, 16 young (16384K), 1 survivors (1024K)
 Metaspace       used 27120K, capacity 27935K, committed 28156K, reserved 1075200K
  class space    used 2970K, capacity 3240K, committed 3324K, reserved 1048576K
}
Event: 5.451 GC heap after
{Heap after GC invocations=10 (full 0):
 garbage-first heap   total 59392K, used 21989K [0x0000000081c00000, 0x0000000100000000)
  region size 1024K, 2 young (2048K), 2 survivors (2048K)
 Metaspace       used 27120K, capacity 27935K, committed 28156K, reserved 1075200K
  class space    used 2970K, capacity 3240K, committed 3324K, reserved 1048576K
}
Event: 5.800 GC heap before
{Heap before GC invocations=10 (full 0):
 garbage-first heap   total 59392K, used 44517K [0x0000000081c00000, 0x0000000100000000)
  region size 1024K, 24 young (24576K), 2 survivors (2048K)
 Metaspace       used 27490K, capacity 28330K, committed 28412K, reserved 1075200K
  class space    used 2982K, capacity 3243K, committed 3324K, reserved 1048576K
}
Event: 5.806 GC heap after
{Heap after GC invocations=11 (full 0):
 garbage-first heap   total 59392K, used 23394K [0x0000000081c00000, 0x0000000100000000)
  region size 1024K, 3 young (3072K), 3 survivors (3072K)
 Metaspace       used 27490K, capacity 28330K, committed 28412K, reserved 1075200K
  class space    used 2982K, capacity 3243K, committed 3324K, reserved 1048576K
}
Event: 6.238 GC heap before
{Heap before GC invocations=11 (full 0):
 garbage-first heap   total 59392K, used 45922K [0x0000000081c00000, 0x0000000100000000)
  region size 1024K, 25 young (25600K), 3 survivors (3072K)
 Metaspace       used 28851K, capacity 29788K, committed 29948K, reserved 1075200K
  class space    used 3178K, capacity 3457K, committed 3580K, reserved 1048576K
}
Event: 6.244 GC heap after
{Heap after GC invocations=12 (full 0):
 garbage-first heap   total 59392K, used 24242K [0x0000000081c00000, 0x0000000100000000)
  region size 1024K, 3 young (3072K), 3 survivors (3072K)
 Metaspace       used 28851K, capacity 29788K, committed 29948K, reserved 1075200K
  class space    used 3178K, capacity 3457K, committed 3580K, reserved 1048576K
}
Event: 7.363 GC heap before
{Heap before GC invocations=12 (full 0):
 garbage-first heap   total 59392K, used 37554K [0x0000000081c00000, 0x0000000100000000)
  region size 1024K, 13 young (13312K), 3 survivors (3072K)
 Metaspace       used 29338K, capacity 30211K, committed 30460K, reserved 1077248K
  class space    used 3228K, capacity 3491K, committed 3580K, reserved 1048576K
}
Event: 7.370 GC heap after
{Heap after GC invocations=13 (full 0):
 garbage-first heap   total 59392K, used 28871K [0x0000000081c00000, 0x0000000100000000)
  region size 1024K, 2 young (2048K), 2 survivors (2048K)
 Metaspace       used 29338K, capacity 30211K, committed 30460K, reserved 1077248K
  class space    used 3228K, capacity 3491K, committed 3580K, reserved 1048576K
}

